<?xml version="1.0" encoding="UTF-8"?>
<testng-results ignored="0" total="1" passed="1" failed="0" skipped="0">
  <reporter-output>
  </reporter-output>
  <suite started-at="2025-04-24T14:41:18 IST" name="Default suite" finished-at="2025-04-24T14:41:18 IST" duration-ms="43">
    <groups>
    </groups>
    <test started-at="2025-04-24T14:41:18 IST" name="Default test" finished-at="2025-04-24T14:41:18 IST" duration-ms="43">
      <class name="com.testNgRunner.SoftAssertClass">
        <test-method signature="demo()[pri:0, instance:com.testNgRunner.SoftAssertClass@2b71e916]" started-at="2025-04-24T14:41:18 IST" name="demo" finished-at="2025-04-24T14:41:18 IST" duration-ms="15" status="PASS">
          <reporter-output>
          </reporter-output>
        </test-method> <!-- demo -->
      </class> <!-- com.testNgRunner.SoftAssertClass -->
    </test> <!-- Default test -->
  </suite> <!-- Default suite -->
</testng-results>
